{
  "RSpec": {
    "coverage": {
      "/home/codio/workspace/Group-Split/groupSplit/app/helpers/application_helper.rb": {
        "lines": [
          1,
          null
        ]
      },
      "/home/codio/workspace/Group-Split/groupSplit/app/helpers/groupviews_helper.rb": {
        "lines": [
          1,
          null
        ]
      },
      "/home/codio/workspace/Group-Split/groupSplit/app/helpers/members_helper.rb": {
        "lines": [
          1,
          null
        ]
      },
      "/home/codio/workspace/Group-Split/groupSplit/app/helpers/transactions_helper.rb": {
        "lines": [
          1,
          null
        ]
      },
      "/home/codio/workspace/Group-Split/groupSplit/app/controllers/groupviews_controller.rb": {
        "lines": [
          1,
          1,
          0,
          0,
          0,
          null,
          null,
          0,
          0,
          0,
          0,
          0,
          0,
          null,
          0,
          0,
          0,
          0,
          null,
          0,
          0,
          0,
          0,
          0,
          0,
          null,
          null,
          null,
          null,
          null
        ]
      },
      "/home/codio/workspace/Group-Split/groupSplit/app/controllers/application_controller.rb": {
        "lines": [
          1,
          null,
          null
        ]
      },
      "/home/codio/workspace/Group-Split/groupSplit/app/controllers/members_controller.rb": {
        "lines": [
          1,
          1,
          null,
          1,
          0,
          null,
          null,
          1,
          null,
          0,
          0,
          0,
          0,
          null,
          null,
          null,
          null,
          1,
          null,
          null,
          1,
          0,
          0,
          null,
          null
        ]
      },
      "/home/codio/workspace/Group-Split/groupSplit/app/controllers/transactions_controller.rb": {
        "lines": [
          1,
          null,
          1,
          0,
          0,
          null,
          null,
          null,
          1,
          null,
          null,
          1,
          0,
          0,
          null,
          null,
          1,
          0,
          0,
          0,
          null,
          null,
          1,
          0,
          0,
          0,
          0,
          null,
          null,
          null,
          1,
          0,
          0,
          null,
          null,
          1,
          0,
          0,
          0,
          0,
          null,
          null,
          1,
          null,
          null,
          1,
          0,
          null,
          null,
          null
        ]
      },
      "/home/codio/workspace/Group-Split/groupSplit/app/models/group_member.rb": {
        "lines": [
          1,
          null,
          null
        ]
      },
      "/home/codio/workspace/Group-Split/groupSplit/app/models/application_record.rb": {
        "lines": [
          1,
          1,
          null
        ]
      },
      "/home/codio/workspace/Group-Split/groupSplit/app/models/payment_summary.rb": {
        "lines": [
          1,
          1,
          null
        ]
      },
      "/home/codio/workspace/Group-Split/groupSplit/app/models/transaction.rb": {
        "lines": [
          1,
          1,
          1,
          1,
          1,
          1,
          1,
          null
        ]
      }
    },
    "timestamp": 1637038841
  },
  "Cucumber Features": {
    "coverage": {
      "/home/codio/workspace/Group-Split/groupSplit/app/models/transaction.rb": {
        "lines": [
          1,
          1,
          1,
          1,
          1,
          1,
          1,
          null
        ]
      },
      "/home/codio/workspace/Group-Split/groupSplit/app/models/application_record.rb": {
        "lines": [
          1,
          1,
          null
        ]
      },
      "/home/codio/workspace/Group-Split/groupSplit/app/controllers/application_controller.rb": {
        "lines": [
          1,
          null,
          null
        ]
      },
      "/home/codio/workspace/Group-Split/groupSplit/app/helpers/application_helper.rb": {
        "lines": [
          1,
          null
        ]
      },
      "/home/codio/workspace/Group-Split/groupSplit/app/helpers/groupviews_helper.rb": {
        "lines": [
          1,
          null
        ]
      },
      "/home/codio/workspace/Group-Split/groupSplit/app/helpers/members_helper.rb": {
        "lines": [
          1,
          null
        ]
      },
      "/home/codio/workspace/Group-Split/groupSplit/app/helpers/transactions_helper.rb": {
        "lines": [
          1,
          null
        ]
      },
      "/home/codio/workspace/Group-Split/groupSplit/app/controllers/transactions_controller.rb": {
        "lines": [
          1,
          null,
          1,
          0,
          0,
          null,
          null,
          null,
          1,
          null,
          null,
          1,
          2,
          2,
          null,
          null,
          1,
          0,
          0,
          0,
          null,
          null,
          1,
          0,
          0,
          0,
          0,
          null,
          null,
          null,
          1,
          0,
          0,
          null,
          null,
          1,
          0,
          0,
          0,
          0,
          null,
          null,
          1,
          null,
          null,
          1,
          0,
          null,
          null,
          null
        ]
      },
      "/home/codio/workspace/Group-Split/groupSplit/app/models/group_member.rb": {
        "lines": [
          1,
          null,
          null
        ]
      },
      "/home/codio/workspace/Group-Split/groupSplit/app/controllers/groupviews_controller.rb": {
        "lines": [
          1,
          1,
          1,
          1,
          1,
          null,
          null,
          1,
          4,
          4,
          4,
          4,
          4,
          null,
          4,
          4,
          0,
          0,
          null,
          4,
          4,
          4,
          4,
          4,
          4,
          null,
          null,
          null,
          null,
          null
        ]
      },
      "/home/codio/workspace/Group-Split/groupSplit/app/models/payment_summary.rb": {
        "lines": [
          1,
          1,
          null
        ]
      },
      "/home/codio/workspace/Group-Split/groupSplit/app/controllers/members_controller.rb": {
        "lines": [
          0,
          0,
          0,
          0,
          0,
          0,
          null,
          0,
          null,
          0,
          0,
          0,
          0,
          0,
          null,
          null,
          null,
          0,
          null,
          null,
          0,
          0,
          0,
          0,
          0
        ],
        "branches": {
        }
      }
    },
    "timestamp": 1637038830
  }
}
