{
  "RSpec": {
    "coverage": {
      "/home/codio/workspace/Group-Split/groupSplit/app/helpers/application_helper.rb": {
        "lines": [
          1,
          null
        ]
      },
      "/home/codio/workspace/Group-Split/groupSplit/app/helpers/groupviews_helper.rb": {
        "lines": [
          1,
          null
        ]
      },
      "/home/codio/workspace/Group-Split/groupSplit/app/helpers/members_helper.rb": {
        "lines": [
          1,
          null
        ]
      },
      "/home/codio/workspace/Group-Split/groupSplit/app/helpers/transactions_helper.rb": {
        "lines": [
          1,
          null
        ]
      },
      "/home/codio/workspace/Group-Split/groupSplit/app/controllers/groupviews_controller.rb": {
        "lines": [
          1,
          1,
          0,
          0,
          0,
          null,
          0,
          0,
          0,
          0,
          0,
          0,
          null,
          0,
          0,
          null,
          0,
          null,
          null,
          0,
          null,
          null,
          null,
          0,
          null,
          0,
          0,
          0,
          0,
          null,
          null,
          null,
          0,
          0,
          0,
          0,
          0,
          0,
          0,
          0,
          0,
          0,
          0,
          null,
          0,
          null,
          0,
          0,
          0,
          0,
          0,
          0,
          0,
          0,
          null,
          null,
          null,
          0,
          0,
          0,
          null,
          0,
          0,
          0,
          0,
          0,
          0,
          null,
          0,
          0,
          0,
          0,
          0,
          null,
          null,
          null,
          null,
          null,
          null,
          null,
          null,
          null,
          null,
          null,
          null,
          null
        ]
      },
      "/home/codio/workspace/Group-Split/groupSplit/app/controllers/application_controller.rb": {
        "lines": [
          1,
          null,
          null
        ]
      },
      "/home/codio/workspace/Group-Split/groupSplit/app/controllers/members_controller.rb": {
        "lines": [
          1,
          1,
          null,
          null,
          1,
          0,
          null,
          null,
          1,
          0,
          0,
          0,
          0,
          null,
          0,
          null,
          null,
          0,
          null,
          null,
          null,
          null,
          1,
          null,
          null,
          1,
          0,
          null,
          null
        ]
      },
      "/home/codio/workspace/Group-Split/groupSplit/app/controllers/transactions_controller.rb": {
        "lines": [
          1,
          null,
          1,
          0,
          0,
          null,
          null,
          null,
          1,
          null,
          null,
          1,
          0,
          0,
          0,
          null,
          null,
          1,
          null,
          0,
          0,
          0,
          0,
          null,
          null,
          0,
          0,
          0,
          null,
          0,
          null,
          null,
          0,
          null,
          null,
          1,
          0,
          0,
          0,
          0,
          null,
          null,
          null,
          1,
          0,
          0,
          0,
          0,
          null,
          null,
          1,
          null,
          0,
          0,
          0,
          0,
          0,
          null,
          0,
          0,
          null,
          0,
          null,
          null,
          1,
          null,
          null,
          1,
          0,
          null,
          null,
          null
        ]
      },
      "/home/codio/workspace/Group-Split/groupSplit/app/models/group_member.rb": {
        "lines": [
          1,
          null,
          null
        ]
      },
      "/home/codio/workspace/Group-Split/groupSplit/app/models/application_record.rb": {
        "lines": [
          1,
          1,
          null
        ]
      },
      "/home/codio/workspace/Group-Split/groupSplit/app/models/payment_summary.rb": {
        "lines": [
          1,
          1,
          null
        ]
      },
      "/home/codio/workspace/Group-Split/groupSplit/app/models/transaction.rb": {
        "lines": [
          1,
          1,
          null,
          1,
          1,
          null,
          1,
          null
        ]
      }
    },
    "timestamp": 1639956607
  },
  "Cucumber Features": {
    "coverage": {
      "/home/codio/workspace/Group-Split/groupSplit/app/models/transaction.rb": {
        "lines": [
          1,
          1,
          null,
          1,
          1,
          null,
          1,
          null
        ]
      },
      "/home/codio/workspace/Group-Split/groupSplit/app/models/application_record.rb": {
        "lines": [
          1,
          1,
          null
        ]
      },
      "/home/codio/workspace/Group-Split/groupSplit/app/models/group_member.rb": {
        "lines": [
          1,
          null,
          null
        ]
      },
      "/home/codio/workspace/Group-Split/groupSplit/app/controllers/application_controller.rb": {
        "lines": [
          1,
          null,
          null
        ]
      },
      "/home/codio/workspace/Group-Split/groupSplit/app/helpers/application_helper.rb": {
        "lines": [
          1,
          null
        ]
      },
      "/home/codio/workspace/Group-Split/groupSplit/app/helpers/groupviews_helper.rb": {
        "lines": [
          1,
          null
        ]
      },
      "/home/codio/workspace/Group-Split/groupSplit/app/helpers/members_helper.rb": {
        "lines": [
          1,
          null
        ]
      },
      "/home/codio/workspace/Group-Split/groupSplit/app/helpers/transactions_helper.rb": {
        "lines": [
          1,
          null
        ]
      },
      "/home/codio/workspace/Group-Split/groupSplit/app/controllers/transactions_controller.rb": {
        "lines": [
          1,
          null,
          1,
          6,
          6,
          null,
          null,
          null,
          1,
          null,
          null,
          1,
          4,
          4,
          4,
          null,
          null,
          1,
          null,
          3,
          1,
          2,
          1,
          null,
          null,
          1,
          1,
          1,
          null,
          1,
          null,
          null,
          3,
          null,
          null,
          1,
          0,
          0,
          0,
          0,
          null,
          null,
          null,
          1,
          3,
          3,
          3,
          3,
          null,
          null,
          1,
          null,
          3,
          3,
          1,
          2,
          1,
          null,
          1,
          1,
          null,
          3,
          null,
          null,
          1,
          null,
          null,
          1,
          13,
          null,
          null,
          null
        ]
      },
      "/home/codio/workspace/Group-Split/groupSplit/app/controllers/groupviews_controller.rb": {
        "lines": [
          1,
          1,
          12,
          12,
          12,
          null,
          12,
          12,
          49,
          49,
          49,
          49,
          null,
          49,
          0,
          null,
          49,
          null,
          null,
          49,
          null,
          null,
          null,
          49,
          null,
          49,
          4,
          4,
          4,
          null,
          null,
          null,
          49,
          49,
          49,
          49,
          9,
          9,
          9,
          9,
          9,
          9,
          9,
          null,
          40,
          null,
          40,
          40,
          40,
          40,
          40,
          40,
          40,
          40,
          null,
          null,
          null,
          49,
          54,
          1,
          null,
          53,
          33,
          33,
          33,
          33,
          33,
          null,
          20,
          20,
          20,
          20,
          20,
          null,
          null,
          null,
          null,
          null,
          null,
          null,
          null,
          null,
          null,
          null,
          null,
          null
        ]
      },
      "/home/codio/workspace/Group-Split/groupSplit/app/models/payment_summary.rb": {
        "lines": [
          1,
          1,
          null
        ]
      },
      "/home/codio/workspace/Group-Split/groupSplit/app/controllers/members_controller.rb": {
        "lines": [
          1,
          1,
          null,
          null,
          1,
          2,
          null,
          null,
          1,
          2,
          1,
          1,
          1,
          null,
          1,
          null,
          null,
          2,
          null,
          null,
          null,
          null,
          1,
          null,
          null,
          1,
          4,
          null,
          null
        ]
      }
    },
    "timestamp": 1639956565
  }
}
